Flutter crash report.
Please report a bug at https://github.com/flutter/flutter/issues.

## command

flutter --no-color run --machine --track-widget-creation --device-id=emulator-5554 --start-paused --dart-define=flutter.inspector.structuredErrors=true lib\main.dart

## exception

FileSystemException: FileSystemException: Exists failed, path = 'D:\flutter\البرامج\flutter_windows_2.10.3-stable\flutter\.pub-cache\hosted\pub.dartlang.org\charcode-1.3.1\lib\' (OS Error: The file or directory is corrupted and unreadable.
, errno = 1392)

```
#0      _Directory.existsSync (dart:io/directory_impl.dart:94:7)
#1      ForwardingFileSystemEntity.existsSync (package:file/src/forwarding/forwarding_file_system_entity.dart:43:33)
#2      ErrorHandlingDirectory.existsSync.<anonymous closure> (package:flutter_tools/src/base/error_handling_io.dart:497:22)
#3      _runSync (package:flutter_tools/src/base/error_handling_io.dart:597:14)
#4      ErrorHandlingDirectory.existsSync (package:flutter_tools/src/base/error_handling_io.dart:496:12)
#5      PubDependencies.isUpToDate (package:flutter_tools/src/flutter_cache.dart:102:57)
<asynchronous suspension>
#6      Cache.updateAll (package:flutter_tools/src/cache.dart:677:11)
<asynchronous suspension>
#7      FlutterCommand.verifyThenRunCommand (package:flutter_tools/src/runner/flutter_command.dart:1271:7)
<asynchronous suspension>
#8      FlutterCommand.run.<anonymous closure> (package:flutter_tools/src/runner/flutter_command.dart:1161:27)
<asynchronous suspension>
#9      AppContext.run.<anonymous closure> (package:flutter_tools/src/base/context.dart:150:19)
<asynchronous suspension>
#10     CommandRunner.runCommand (package:args/command_runner.dart:209:13)
<asynchronous suspension>
#11     FlutterCommandRunner.runCommand.<anonymous closure> (package:flutter_tools/src/runner/flutter_command_runner.dart:281:9)
<asynchronous suspension>
#12     AppContext.run.<anonymous closure> (package:flutter_tools/src/base/context.dart:150:19)
<asynchronous suspension>
#13     FlutterCommandRunner.runCommand (package:flutter_tools/src/runner/flutter_command_runner.dart:229:5)
<asynchronous suspension>
#14     run.<anonymous closure>.<anonymous closure> (package:flutter_tools/runner.dart:62:9)
<asynchronous suspension>
#15     AppContext.run.<anonymous closure> (package:flutter_tools/src/base/context.dart:150:19)
<asynchronous suspension>
#16     main (package:flutter_tools/executable.dart:94:3)
<asynchronous suspension>
```

## flutter doctor

```
[✓] Flutter (Channel stable, 2.10.3, on Microsoft Windows [Version 10.0.19044.1620], locale en-US)
    • Flutter version 2.10.3 at D:\flutter\البرامج\flutter_windows_2.10.3-stable\flutter
    • Upstream repository https://github.com/flutter/flutter.git
    • Framework revision 7e9793dee1 (5 weeks ago), 2022-03-02 11:23:12 -0600
    • Engine revision bd539267b4
    • Dart version 2.16.1
    • DevTools version 2.9.2

[!] Android toolchain - develop for Android devices (Android SDK version 30.0.2)
    • Android SDK at C:\Users\walid\AppData\Local\Android\sdk
    • Platform android-32, build-tools 30.0.2
    • Java binary at: C:\Program Files\Android\Android Studio\jre\bin\java
    • Java version OpenJDK Runtime Environment (build 11.0.10+0-b96-7249189)
    ✗ Android license status unknown.
      Run `flutter doctor --android-licenses` to accept the SDK licenses.
      See https://flutter.dev/docs/get-started/install/windows#android-setup for more details.

[✓] Chrome - develop for the web
    • Chrome at C:\Program Files (x86)\Google\Chrome\Application\chrome.exe

[✗] Visual Studio - develop for Windows
    ✗ Visual Studio not installed; this is necessary for Windows development.
      Download at https://visualstudio.microsoft.com/downloads/.
      Please install the "Desktop development with C++" workload, including all of its default components

[✓] Android Studio (version 2020.3)
    • Android Studio at C:\Program Files\Android\Android Studio
    • Flutter plugin can be installed from:
      🔨 https://plugins.jetbrains.com/plugin/9212-flutter
    • Dart plugin can be installed from:
      🔨 https://plugins.jetbrains.com/plugin/6351-dart
    • Java version OpenJDK Runtime Environment (build 11.0.10+0-b96-7249189)

[✓] IntelliJ IDEA Community Edition (version 2021.2)
    • IntelliJ at C:\Program Files\JetBrains\IntelliJ IDEA Community Edition 2021.2.3
    • Flutter plugin can be installed from:
      🔨 https://plugins.jetbrains.com/plugin/9212-flutter
    • Dart plugin can be installed from:
      🔨 https://plugins.jetbrains.com/plugin/6351-dart

[✓] Connected device (4 available)
    • Android SDK built for x86 (mobile) • emulator-5554 • android-arm    • Android null (API null)
    • Windows (desktop)                  • windows       • windows-x64    • Microsoft Windows [Version 10.0.19044.1620]
    • Chrome (web)                       • chrome        • web-javascript • Google Chrome 100.0.4896.60
    • Edge (web)                         • edge          • web-javascript • Microsoft Edge 100.0.1185.29
    ! Device emulator-5554 is offline.

[✓] HTTP Host Availability
    • All required HTTP hosts are available

! Doctor found issues in 2 categories.
```
